<?xml version="1.0" encoding="UTF-8"?>
<testsuite xmlns:xsi="http://www.w3.org/2001/XMLSchema-instance" xsi:noNamespaceSchemaLocation="https://maven.apache.org/surefire/maven-surefire-plugin/xsd/surefire-test-report.xsd" name="steps.runner" time="13.197" tests="4" errors="0" skipped="0" failures="0">
  <properties>
[...]
</properties>
  <testcase name="Given que o Ususario acessa o site TestLink" classname="Scenario: Login Positivo" time="0.001"/>
  <testcase name="And preenche seu login e senha e aperta o Enter" classname="Scenario: Login Positivo" time="0"/>
  <testcase name="Then exibe a pagina principal com o usuario e perfil logado" classname="Scenario: Login Positivo" time="0"/>
  <testcase name="Scenario: Login Positivo" classname="Scenario: Login Positivo" time="0"/>
</testsuite>